<?xml version="1.0" encoding="UTF-8"?>
<!-- Generated by org.testng.reporters.JUnitXMLReporter -->
<testsuite hostname="HP" ignored="0" name="Test" tests="12" failures="7" timestamp="2020-08-20T20:28:16 BDT" time="122.417" errors="0">
  <testcase name="@AfterTest tearDown" time="0.0" classname="tests.com.automationpractice.PageFactoryTest_Login">
    <failure type="org.openqa.selenium.NoSuchSessionException" message="Session ID is null. Using WebDriver after calling quit()?
Build info: version: &amp;apos;3.141.0&amp;apos;, revision: &amp;apos;2ecb7d9a&amp;apos;, time: &amp;apos;2018-10-31T20:09:30&amp;apos;
System info: host: &amp;apos;HP&amp;apos;, ip: &amp;apos;192.168.43.92&amp;apos;, os.name: &amp;apos;Windows 10&amp;apos;, os.arch: &amp;apos;amd64&amp;apos;, os.version: &amp;apos;10.0&amp;apos;, java.version: &amp;apos;1.8.0_251&amp;apos;
Driver info: driver.version: RemoteWebDriver">
      <![CDATA[org.openqa.selenium.NoSuchSessionException: Session ID is null. Using WebDriver after calling quit()?
Build info: version: '3.141.0', revision: '2ecb7d9a', time: '2018-10-31T20:09:30'
System info: host: 'HP', ip: '192.168.43.92', os.name: 'Windows 10', os.arch: 'amd64', os.version: '10.0', java.version: '1.8.0_251'
Driver info: driver.version: RemoteWebDriver
at org.openqa.selenium.remote.HttpCommandExecutor.execute(HttpCommandExecutor.java:125)
at org.openqa.selenium.remote.service.DriverCommandExecutor.execute(DriverCommandExecutor.java:83)
at org.openqa.selenium.remote.RemoteWebDriver.execute(RemoteWebDriver.java:552)
at org.openqa.selenium.remote.RemoteWebDriver.execute(RemoteWebDriver.java:609)
at org.openqa.selenium.remote.RemoteWebDriver.close(RemoteWebDriver.java:442)
at tests.com.automationpractice.PageFactoryTest_Login.tearDown(PageFactoryTest_Login.java:90)
... Removed 24 stack frames]]>
    </failure>
  </testcase> <!-- @AfterTest tearDown -->
  <testcase name="@AfterTest tearDown" time="-1.59793369654E9" classname="tests.com.automationpractice.PageFactoryTest_NewsLetter">
    <skipped/>
  </testcase> <!-- @AfterTest tearDown -->
  <testcase name="@AfterTest tearDown" time="-1.597933696543E9" classname="tests.com.automationpractice.PageFactoryTest_Registration">
    <skipped/>
  </testcase> <!-- @AfterTest tearDown -->
  <testcase name="tc301_verify_create_account_form_for_negetive_cases" time="10.069" classname="tests.com.automationpractice.PageFactoryTest_Registration">
    <failure type="org.openqa.selenium.NoSuchElementException" message="no such element: Unable to locate element: {&amp;quot;method&amp;quot;:&amp;quot;xpath&amp;quot;,&amp;quot;selector&amp;quot;:&amp;quot;//button[@id=&amp;apos;SubmitCreate&amp;apos;]&amp;quot;}
  (Session info: chrome=84.0.4147.135)
For documentation on this error, please visit: http://seleniumhq.org/exceptions/no_such_element.html
Build info: version: &amp;apos;3.141.0&amp;apos;, revision: &amp;apos;2ecb7d9a&amp;apos;, time: &amp;apos;2018-10-31T20:09:30&amp;apos;
System info: host: &amp;apos;HP&amp;apos;, ip: &amp;apos;192.168.43.92&amp;apos;, os.name: &amp;apos;Windows 10&amp;apos;, os.arch: &amp;apos;amd64&amp;apos;, os.version: &amp;apos;10.0&amp;apos;, java.version: &amp;apos;1.8.0_251&amp;apos;
Driver info: org.openqa.selenium.chrome.ChromeDriver
Capabilities {acceptInsecureCerts: false, browserName: chrome, browserVersion: 84.0.4147.135, chrome: {chromedriverVersion: 84.0.4147.30 (48b3e868b4cc0..., userDataDir: C:\Users\SHARFU~1\AppData\L...}, goog:chromeOptions: {debuggerAddress: localhost:58807}, javascriptEnabled: true, networkConnectionEnabled: false, pageLoadStrategy: normal, platform: WINDOWS, platformName: WINDOWS, proxy: Proxy(), setWindowRect: true, strictFileInteractability: false, timeouts: {implicit: 0, pageLoad: 300000, script: 30000}, unhandledPromptBehavior: dismiss and notify, webauthn:virtualAuthenticators: true}
Session ID: 1b6fabfc802027532f276a595f76a505
*** Element info: {Using=xpath, value=//button[@id=&amp;apos;SubmitCreate&amp;apos;]}">
      <![CDATA[org.openqa.selenium.NoSuchElementException: no such element: Unable to locate element: {"method":"xpath","selector":"//button[@id='SubmitCreate']"}
  (Session info: chrome=84.0.4147.135)
For documentation on this error, please visit: http://seleniumhq.org/exceptions/no_such_element.html
Build info: version: '3.141.0', revision: '2ecb7d9a', time: '2018-10-31T20:09:30'
System info: host: 'HP', ip: '192.168.43.92', os.name: 'Windows 10', os.arch: 'amd64', os.version: '10.0', java.version: '1.8.0_251'
Driver info: org.openqa.selenium.chrome.ChromeDriver
Capabilities {acceptInsecureCerts: false, browserName: chrome, browserVersion: 84.0.4147.135, chrome: {chromedriverVersion: 84.0.4147.30 (48b3e868b4cc0..., userDataDir: C:\Users\SHARFU~1\AppData\L...}, goog:chromeOptions: {debuggerAddress: localhost:58807}, javascriptEnabled: true, networkConnectionEnabled: false, pageLoadStrategy: normal, platform: WINDOWS, platformName: WINDOWS, proxy: Proxy(), setWindowRect: true, strictFileInteractability: false, timeouts: {implicit: 0, pageLoad: 300000, script: 30000}, unhandledPromptBehavior: dismiss and notify, webauthn:virtualAuthenticators: true}
Session ID: 1b6fabfc802027532f276a595f76a505
*** Element info: {Using=xpath, value=//button[@id='SubmitCreate']}
at org.openqa.selenium.remote.http.W3CHttpResponseCodec.createException(W3CHttpResponseCodec.java:187)
at org.openqa.selenium.remote.http.W3CHttpResponseCodec.decode(W3CHttpResponseCodec.java:122)
at org.openqa.selenium.remote.http.W3CHttpResponseCodec.decode(W3CHttpResponseCodec.java:49)
at org.openqa.selenium.remote.HttpCommandExecutor.execute(HttpCommandExecutor.java:158)
at org.openqa.selenium.remote.service.DriverCommandExecutor.execute(DriverCommandExecutor.java:83)
at org.openqa.selenium.remote.RemoteWebDriver.execute(RemoteWebDriver.java:552)
at org.openqa.selenium.remote.RemoteWebDriver.findElement(RemoteWebDriver.java:323)
at org.openqa.selenium.remote.RemoteWebDriver.findElementByXPath(RemoteWebDriver.java:428)
at org.openqa.selenium.By$ByXPath.findElement(By.java:353)
at org.openqa.selenium.remote.RemoteWebDriver.findElement(RemoteWebDriver.java:315)
at org.openqa.selenium.support.pagefactory.DefaultElementLocator.findElement(DefaultElementLocator.java:69)
at org.openqa.selenium.support.pagefactory.internal.LocatingElementHandler.invoke(LocatingElementHandler.java:38)
at com.sun.proxy.$Proxy10.click(Unknown Source)
at pages.com.automationpractice.AuthenticationPage.clickCreateAccountButton(AuthenticationPage.java:71)
at tests.com.automationpractice.PageFactoryTest_Registration.tc301_verify_create_account_form_for_negetive_cases(PageFactoryTest_Registration.java:44)
at java.util.ArrayList.forEach(ArrayList.java:1257)
... Removed 31 stack frames]]>
    </failure>
  </testcase> <!-- tc301_verify_create_account_form_for_negetive_cases -->
  <testcase name="tc302_verify_account_creation_successfully" time="16.313" classname="tests.com.automationpractice.PageFactoryTest_Registration"/>
  <testcase name="tc303_verify__warnings_for_blank_submission" time="0.011" classname="tests.com.automationpractice.PageFactoryTest_Registration">
    <failure type="java.lang.AssertionError" message="expected [My Store] but found [Login - My Store]">
      <![CDATA[java.lang.AssertionError: expected [My Store] but found [Login - My Store]
at tests.com.automationpractice.PageFactoryTest_Registration.tc303_verify__warnings_for_blank_submission(PageFactoryTest_Registration.java:99)
at java.util.ArrayList.forEach(ArrayList.java:1257)
... Removed 32 stack frames]]>
    </failure>
  </testcase> <!-- tc303_verify__warnings_for_blank_submission -->
  <testcase name="tc304_verify_create_account_without_filling_optional_field" time="0.012" classname="tests.com.automationpractice.PageFactoryTest_Registration">
    <failure type="java.lang.AssertionError" message="expected [My Store] but found [Login - My Store]">
      <![CDATA[java.lang.AssertionError: expected [My Store] but found [Login - My Store]
at tests.com.automationpractice.PageFactoryTest_Registration.tc304_verify_create_account_without_filling_optional_field(PageFactoryTest_Registration.java:128)
at java.util.ArrayList.forEach(ArrayList.java:1257)
... Removed 32 stack frames]]>
    </failure>
  </testcase> <!-- tc304_verify_create_account_without_filling_optional_field -->
  <testcase name="tc305_verify_registration_for_invalid_password_and_postal_code" time="0.006" classname="tests.com.automationpractice.PageFactoryTest_Registration">
    <failure type="java.lang.AssertionError" message="expected [My Store] but found [Login - My Store]">
      <![CDATA[java.lang.AssertionError: expected [My Store] but found [Login - My Store]
at tests.com.automationpractice.PageFactoryTest_Registration.tc305_verify_registration_for_invalid_password_and_postal_code(PageFactoryTest_Registration.java:161)
at java.util.ArrayList.forEach(ArrayList.java:1257)
... Removed 32 stack frames]]>
    </failure>
  </testcase> <!-- tc305_verify_registration_for_invalid_password_and_postal_code -->
  <testcase name="tc306_verify_date_of_birth_should_not_exceed_current_date" time="0.007" classname="tests.com.automationpractice.PageFactoryTest_Registration">
    <failure type="java.lang.AssertionError" message="expected [My Store] but found [Login - My Store]">
      <![CDATA[java.lang.AssertionError: expected [My Store] but found [Login - My Store]
at tests.com.automationpractice.PageFactoryTest_Registration.tc306_verify_date_of_birth_should_not_exceed_current_date(PageFactoryTest_Registration.java:191)
at java.util.ArrayList.forEach(ArrayList.java:1257)
... Removed 32 stack frames]]>
    </failure>
  </testcase> <!-- tc306_verify_date_of_birth_should_not_exceed_current_date -->
  <testcase name="tc307_verify_registration_for_blank_space_submission_of_fields_except_postal_code_and_state" time="0.009" classname="tests.com.automationpractice.PageFactoryTest_Registration">
    <failure type="java.lang.AssertionError" message="expected [My Store] but found [Login - My Store]">
      <![CDATA[java.lang.AssertionError: expected [My Store] but found [Login - My Store]
at tests.com.automationpractice.PageFactoryTest_Registration.tc307_verify_registration_for_blank_space_submission_of_fields_except_postal_code_and_state(PageFactoryTest_Registration.java:225)
at java.util.ArrayList.forEach(ArrayList.java:1257)
... Removed 32 stack frames]]>
    </failure>
  </testcase> <!-- tc307_verify_registration_for_blank_space_submission_of_fields_except_postal_code_and_state -->
  <testcase name="tc401_verify_ui_elements_of_login_form" time="2.881" classname="tests.com.automationpractice.PageFactoryTest_Login"/>
  <testcase name="tc402_verfy_signin_functionality_for_negetive" time="10.248" classname="tests.com.automationpractice.PageFactoryTest_Login"/>
  <testcase name="tc403_verfy_signin_functionality_for_positive" time="0.007" classname="tests.com.automationpractice.PageFactoryTest_Login">
    <failure type="java.lang.AssertionError" message="expected [My Store] but found [Login - My Store]">
      <![CDATA[java.lang.AssertionError: expected [My Store] but found [Login - My Store]
at tests.com.automationpractice.PageFactoryTest_Login.tc403_verfy_signin_functionality_for_positive(PageFactoryTest_Login.java:71)
at java.util.ArrayList.forEach(ArrayList.java:1257)
... Removed 32 stack frames]]>
    </failure>
  </testcase> <!-- tc403_verfy_signin_functionality_for_positive -->
  <testcase name="verifyUIElement" time="0.366" classname="tests.com.automationpractice.PageFactoryTest_HomePage_UI_Element"/>
  <testcase name="verifyUnregistered" time="3.405" classname="tests.com.automationpractice.PageFactoryTest_NewsLetter"/>
</testsuite> <!-- Test -->
